0 info it worked if it ends with ok
1 verbose cli [ '/usr/local/bin/node',
1 verbose cli   '/usr/local/bin/npm',
1 verbose cli   'install',
1 verbose cli   '-save',
1 verbose cli   'moregan',
1 verbose cli   'express',
1 verbose cli   'body-parser' ]
2 info using npm@3.10.8
3 info using node@v7.0.0
4 verbose config Skipping project config: /Users/Adventures/.npmrc. (matches userconfig)
5 silly loadCurrentTree Starting
6 silly install loadCurrentTree
7 silly install readLocalPackageData
8 silly fetchPackageMetaData moregan
9 silly fetchPackageMetaData express
10 silly fetchPackageMetaData body-parser
11 silly fetchNamedPackageData moregan
12 silly mapToRegistry name moregan
13 silly mapToRegistry using default registry
14 silly mapToRegistry registry https://registry.npmjs.org/
15 silly mapToRegistry data Result {
15 silly mapToRegistry   raw: 'moregan',
15 silly mapToRegistry   scope: null,
15 silly mapToRegistry   escapedName: 'moregan',
15 silly mapToRegistry   name: 'moregan',
15 silly mapToRegistry   rawSpec: '',
15 silly mapToRegistry   spec: 'latest',
15 silly mapToRegistry   type: 'tag' }
16 silly mapToRegistry uri https://registry.npmjs.org/moregan
17 silly fetchNamedPackageData express
18 silly mapToRegistry name express
19 silly mapToRegistry using default registry
20 silly mapToRegistry registry https://registry.npmjs.org/
21 silly mapToRegistry data Result {
21 silly mapToRegistry   raw: 'express',
21 silly mapToRegistry   scope: null,
21 silly mapToRegistry   escapedName: 'express',
21 silly mapToRegistry   name: 'express',
21 silly mapToRegistry   rawSpec: '',
21 silly mapToRegistry   spec: 'latest',
21 silly mapToRegistry   type: 'tag' }
22 silly mapToRegistry uri https://registry.npmjs.org/express
23 silly fetchNamedPackageData body-parser
24 silly mapToRegistry name body-parser
25 silly mapToRegistry using default registry
26 silly mapToRegistry registry https://registry.npmjs.org/
27 silly mapToRegistry data Result {
27 silly mapToRegistry   raw: 'body-parser',
27 silly mapToRegistry   scope: null,
27 silly mapToRegistry   escapedName: 'body-parser',
27 silly mapToRegistry   name: 'body-parser',
27 silly mapToRegistry   rawSpec: '',
27 silly mapToRegistry   spec: 'latest',
27 silly mapToRegistry   type: 'tag' }
28 silly mapToRegistry uri https://registry.npmjs.org/body-parser
29 verbose request uri https://registry.npmjs.org/moregan
30 verbose request no auth needed
31 info attempt registry request try #1 at 2:35:34 PM
32 verbose request id 7b62ed61812e73dd
33 http request GET https://registry.npmjs.org/moregan
34 verbose request uri https://registry.npmjs.org/body-parser
35 verbose request no auth needed
36 info attempt registry request try #1 at 2:35:34 PM
37 verbose etag W/"58446e7b-1dce8"
38 verbose lastModified Sun, 04 Dec 2016 19:28:59 GMT
39 http request GET https://registry.npmjs.org/body-parser
40 verbose request uri https://registry.npmjs.org/express
41 verbose request no auth needed
42 info attempt registry request try #1 at 2:35:34 PM
43 verbose etag W/"58824d22-85785"
44 verbose lastModified Fri, 20 Jan 2017 17:47:14 GMT
45 http request GET https://registry.npmjs.org/express
46 http 200 https://registry.npmjs.org/body-parser
47 verbose headers { server: 'nginx/1.10.1',
47 verbose headers   'content-type': 'application/json',
47 verbose headers   'last-modified': 'Mon, 23 Jan 2017 09:12:08 GMT',
47 verbose headers   etag: 'W/"5885c8e8-1e6d5"',
47 verbose headers   'content-encoding': 'gzip',
47 verbose headers   'cache-control': 'max-age=300',
47 verbose headers   'content-length': '13888',
47 verbose headers   'accept-ranges': 'bytes',
47 verbose headers   date: 'Mon, 23 Jan 2017 21:35:34 GMT',
47 verbose headers   via: '1.1 varnish',
47 verbose headers   age: '56',
47 verbose headers   connection: 'keep-alive',
47 verbose headers   'x-served-by': 'cache-den6025-DEN',
47 verbose headers   'x-cache': 'HIT',
47 verbose headers   'x-cache-hits': '2',
47 verbose headers   'x-timer': 'S1485207334.444749,VS0,VE0',
47 verbose headers   vary: 'Accept-Encoding' }
48 silly get cb [ 200,
48 silly get   { server: 'nginx/1.10.1',
48 silly get     'content-type': 'application/json',
48 silly get     'last-modified': 'Mon, 23 Jan 2017 09:12:08 GMT',
48 silly get     etag: 'W/"5885c8e8-1e6d5"',
48 silly get     'content-encoding': 'gzip',
48 silly get     'cache-control': 'max-age=300',
48 silly get     'content-length': '13888',
48 silly get     'accept-ranges': 'bytes',
48 silly get     date: 'Mon, 23 Jan 2017 21:35:34 GMT',
48 silly get     via: '1.1 varnish',
48 silly get     age: '56',
48 silly get     connection: 'keep-alive',
48 silly get     'x-served-by': 'cache-den6025-DEN',
48 silly get     'x-cache': 'HIT',
48 silly get     'x-cache-hits': '2',
48 silly get     'x-timer': 'S1485207334.444749,VS0,VE0',
48 silly get     vary: 'Accept-Encoding' } ]
49 verbose get saving body-parser to /Users/Adventures/.npm/registry.npmjs.org/body-parser/.cache.json
50 verbose correctMkdir /Users/Adventures/.npm correctMkdir not in flight; initializing
51 http 200 https://registry.npmjs.org/express
52 verbose headers { server: 'nginx/1.10.1',
52 verbose headers   'content-type': 'application/json',
52 verbose headers   'last-modified': 'Mon, 23 Jan 2017 17:03:57 GMT',
52 verbose headers   etag: 'W/"5886377d-8580e"',
52 verbose headers   'content-encoding': 'gzip',
52 verbose headers   'cache-control': 'max-age=300',
52 verbose headers   'content-length': '41170',
52 verbose headers   'accept-ranges': 'bytes',
52 verbose headers   date: 'Mon, 23 Jan 2017 21:35:34 GMT',
52 verbose headers   via: '1.1 varnish',
52 verbose headers   age: '22',
52 verbose headers   connection: 'keep-alive',
52 verbose headers   'x-served-by': 'cache-den6024-DEN',
52 verbose headers   'x-cache': 'HIT',
52 verbose headers   'x-cache-hits': '1',
52 verbose headers   'x-timer': 'S1485207334.462841,VS0,VE0',
52 verbose headers   vary: 'Accept-Encoding' }
53 silly get cb [ 200,
53 silly get   { server: 'nginx/1.10.1',
53 silly get     'content-type': 'application/json',
53 silly get     'last-modified': 'Mon, 23 Jan 2017 17:03:57 GMT',
53 silly get     etag: 'W/"5886377d-8580e"',
53 silly get     'content-encoding': 'gzip',
53 silly get     'cache-control': 'max-age=300',
53 silly get     'content-length': '41170',
53 silly get     'accept-ranges': 'bytes',
53 silly get     date: 'Mon, 23 Jan 2017 21:35:34 GMT',
53 silly get     via: '1.1 varnish',
53 silly get     age: '22',
53 silly get     connection: 'keep-alive',
53 silly get     'x-served-by': 'cache-den6024-DEN',
53 silly get     'x-cache': 'HIT',
53 silly get     'x-cache-hits': '1',
53 silly get     'x-timer': 'S1485207334.462841,VS0,VE0',
53 silly get     vary: 'Accept-Encoding' } ]
54 verbose get saving express to /Users/Adventures/.npm/registry.npmjs.org/express/.cache.json
55 verbose correctMkdir /Users/Adventures/.npm correctMkdir not in flight; initializing
56 http 404 https://registry.npmjs.org/moregan
57 verbose headers { 'content-type': 'application/json',
57 verbose headers   'cache-control': 'max-age=0',
57 verbose headers   'content-length': '2',
57 verbose headers   'accept-ranges': 'bytes',
57 verbose headers   date: 'Mon, 23 Jan 2017 21:35:34 GMT',
57 verbose headers   via: '1.1 varnish',
57 verbose headers   age: '0',
57 verbose headers   connection: 'keep-alive',
57 verbose headers   'x-served-by': 'cache-den6020-DEN',
57 verbose headers   'x-cache': 'MISS',
57 verbose headers   'x-cache-hits': '0',
57 verbose headers   'x-timer': 'S1485207334.444086,VS0,VE249',
57 verbose headers   vary: 'Accept-Encoding' }
58 silly get cb [ 404,
58 silly get   { 'content-type': 'application/json',
58 silly get     'cache-control': 'max-age=0',
58 silly get     'content-length': '2',
58 silly get     'accept-ranges': 'bytes',
58 silly get     date: 'Mon, 23 Jan 2017 21:35:34 GMT',
58 silly get     via: '1.1 varnish',
58 silly get     age: '0',
58 silly get     connection: 'keep-alive',
58 silly get     'x-served-by': 'cache-den6020-DEN',
58 silly get     'x-cache': 'MISS',
58 silly get     'x-cache-hits': '0',
58 silly get     'x-timer': 'S1485207334.444086,VS0,VE249',
58 silly get     vary: 'Accept-Encoding' } ]
59 silly fetchPackageMetaData Error: Registry returned 404 for GET on https://registry.npmjs.org/moregan
59 silly fetchPackageMetaData     at makeError (/usr/local/lib/node_modules/npm/node_modules/npm-registry-client/lib/request.js:302:12)
59 silly fetchPackageMetaData     at CachingRegistryClient.<anonymous> (/usr/local/lib/node_modules/npm/node_modules/npm-registry-client/lib/request.js:280:14)
59 silly fetchPackageMetaData     at Request._callback (/usr/local/lib/node_modules/npm/node_modules/npm-registry-client/lib/request.js:210:14)
59 silly fetchPackageMetaData     at Request.self.callback (/usr/local/lib/node_modules/npm/node_modules/request/request.js:187:22)
59 silly fetchPackageMetaData     at emitTwo (events.js:106:13)
59 silly fetchPackageMetaData     at Request.emit (events.js:191:7)
59 silly fetchPackageMetaData     at Request.<anonymous> (/usr/local/lib/node_modules/npm/node_modules/request/request.js:1044:10)
59 silly fetchPackageMetaData     at emitOne (events.js:96:13)
59 silly fetchPackageMetaData     at Request.emit (events.js:188:7)
59 silly fetchPackageMetaData     at IncomingMessage.<anonymous> (/usr/local/lib/node_modules/npm/node_modules/request/request.js:965:12)
59 silly fetchPackageMetaData  error for moregan { Error: Registry returned 404 for GET on https://registry.npmjs.org/moregan
59 silly fetchPackageMetaData     at makeError (/usr/local/lib/node_modules/npm/node_modules/npm-registry-client/lib/request.js:302:12)
59 silly fetchPackageMetaData     at CachingRegistryClient.<anonymous> (/usr/local/lib/node_modules/npm/node_modules/npm-registry-client/lib/request.js:280:14)
59 silly fetchPackageMetaData     at Request._callback (/usr/local/lib/node_modules/npm/node_modules/npm-registry-client/lib/request.js:210:14)
59 silly fetchPackageMetaData     at Request.self.callback (/usr/local/lib/node_modules/npm/node_modules/request/request.js:187:22)
59 silly fetchPackageMetaData     at emitTwo (events.js:106:13)
59 silly fetchPackageMetaData     at Request.emit (events.js:191:7)
59 silly fetchPackageMetaData     at Request.<anonymous> (/usr/local/lib/node_modules/npm/node_modules/request/request.js:1044:10)
59 silly fetchPackageMetaData     at emitOne (events.js:96:13)
59 silly fetchPackageMetaData     at Request.emit (events.js:188:7)
59 silly fetchPackageMetaData     at IncomingMessage.<anonymous> (/usr/local/lib/node_modules/npm/node_modules/request/request.js:965:12) pkgid: 'moregan', statusCode: 404, code: 'E404' }
60 silly rollbackFailedOptional Starting
61 silly rollbackFailedOptional Finishing
62 silly runTopLevelLifecycles Finishing
63 silly install printInstalled
64 verbose stack Error: Registry returned 404 for GET on https://registry.npmjs.org/moregan
64 verbose stack     at makeError (/usr/local/lib/node_modules/npm/node_modules/npm-registry-client/lib/request.js:302:12)
64 verbose stack     at CachingRegistryClient.<anonymous> (/usr/local/lib/node_modules/npm/node_modules/npm-registry-client/lib/request.js:280:14)
64 verbose stack     at Request._callback (/usr/local/lib/node_modules/npm/node_modules/npm-registry-client/lib/request.js:210:14)
64 verbose stack     at Request.self.callback (/usr/local/lib/node_modules/npm/node_modules/request/request.js:187:22)
64 verbose stack     at emitTwo (events.js:106:13)
64 verbose stack     at Request.emit (events.js:191:7)
64 verbose stack     at Request.<anonymous> (/usr/local/lib/node_modules/npm/node_modules/request/request.js:1044:10)
64 verbose stack     at emitOne (events.js:96:13)
64 verbose stack     at Request.emit (events.js:188:7)
64 verbose stack     at IncomingMessage.<anonymous> (/usr/local/lib/node_modules/npm/node_modules/request/request.js:965:12)
65 verbose statusCode 404
66 verbose pkgid moregan
67 verbose cwd /Users/Adventures/2RefactoruDec/REST
68 error Darwin 16.3.0
69 error argv "/usr/local/bin/node" "/usr/local/bin/npm" "install" "-save" "moregan" "express" "body-parser"
70 error node v7.0.0
71 error npm  v3.10.8
72 error code E404
73 error 404 Registry returned 404 for GET on https://registry.npmjs.org/moregan
74 error 404
75 error 404 'moregan' is not in the npm registry.
76 error 404 You should bug the author to publish it (or use the name yourself!)
77 error 404 Note that you can also install from a
78 error 404 tarball, folder, http url, or git url.
79 verbose exit [ 1, true ]
